<?xml version="1.0" encoding="UTF-8"?>
<!-- Generated by org.testng.reporters.JUnitReportReporter -->
<testsuite hostname="DESKTOP-SUE3JID" failures="0" tests="2" name="Automation.MCQAPP" time="10.925" errors="0" timestamp="2024-08-19T11:47:31 BDT" skipped="0">
  <testcase classname="Automation.MCQAPP" name="SuccessfulLogin" time="4.488"/>
  <testcase classname="Automation.MCQAPP" name="Batch" time="6.437"/>
</testsuite> <!-- Automation.MCQAPP -->
