<?xml version="1.0" encoding="UTF-8"?>
<!-- Generated by org.testng.reporters.JUnitReportReporter -->
<testsuite hostname="DESKTOP-SUE3JID" failures="0" tests="3" name="Automation.MCQAPP$login" time="21.656" errors="0" timestamp="2024-08-15T11:13:40 BDT" skipped="0">
  <testcase classname="Automation.MCQAPP$login" name="LoginFailed" time="6.709"/>
  <testcase classname="Automation.MCQAPP$login" name="LoginFailed2" time="6.532"/>
  <testcase classname="Automation.MCQAPP$login" name="SuccessfulLogin" time="8.415"/>
</testsuite> <!-- Automation.MCQAPP$login -->
