<?xml version="1.0" encoding="UTF-8"?>
<!-- Generated by org.testng.reporters.JUnitReportReporter -->
<testsuite hostname="DESKTOP-SUE3JID" failures="0" tests="5" name="Automation.MCQAPP" time="129.270" errors="0" timestamp="2024-08-20T16:03:29 BDT" skipped="0">
  <testcase classname="Automation.MCQAPP" name="SuccessfulLogin" time="4.488"/>
  <testcase classname="Automation.MCQAPP" name="Batch" time="39.942"/>
  <testcase classname="Automation.MCQAPP" name="Entry" time="37.474"/>
  <testcase classname="Automation.MCQAPP" name="AssignRevision" time="18.592"/>
  <testcase classname="Automation.MCQAPP" name="Review" time="28.774"/>
</testsuite> <!-- Automation.MCQAPP -->
