<?xml version="1.0" encoding="UTF-8"?>
<!-- Generated by org.testng.reporters.JUnitReportReporter -->
<testsuite hostname="DESKTOP-SUE3JID" failures="0" tests="6" name="Automation.MCQAPP" time="139.603" errors="0" timestamp="2024-08-21T00:56:45 BDT" skipped="0">
  <testcase classname="Automation.MCQAPP" name="SuccessfulLogin" time="4.433"/>
  <testcase classname="Automation.MCQAPP" name="Batch" time="39.980"/>
  <testcase classname="Automation.MCQAPP" name="Entry" time="37.491"/>
  <testcase classname="Automation.MCQAPP" name="AssignRevision" time="18.624"/>
  <testcase classname="Automation.MCQAPP" name="Review" time="28.763"/>
  <testcase classname="Automation.MCQAPP" name="ApproveBatch" time="10.312"/>
</testsuite> <!-- Automation.MCQAPP -->
