<?xml version="1.0" encoding="UTF-8"?>
<!-- Generated by org.testng.reporters.JUnitReportReporter -->
<testsuite hostname="DESKTOP-SUE3JID" failures="0" tests="1" name="Automation.TestAutomation" time="1.475" errors="0" timestamp="2024-08-14T01:32:59 BDT" skipped="0">
  <testcase classname="Automation.TestAutomation" name="setUp" time="1.475"/>
</testsuite> <!-- Automation.TestAutomation -->
